fvec4(1.000000, 2.000000, 3.000000, 4.000000)
t * 2.0 fvec4(2.000000, 4.000000, 6.000000, 8.000000)
t *= 2.0 fvec4(2.000000, 4.000000, 6.000000, 8.000000)
t.xy fvec2(2.000000, 4.000000)
q: fvec4(0.965926, 0.000000, 0.258819, 0.000000)
30 degrees: fvec3(0.000000, 30.000000, 0.000000)
v3: fvec3(3.000000, 3.000000, 3.000000)
q * v3:  fvec3(4.098076, 3.000000, 1.098076)
q: fvec4(1.000000, 0.000000, 0.000000, 0.000000)
v3: fvec3(1.000000, 2.000000, 3.000000)
q * v3:  fvec3(1.000000, 2.000000, 3.000000)
mat3(2):  mat3x3((2.000000, 0.000000, 0.000000), (0.000000, 2.000000, 0.000000), (0.000000, 0.000000, 2.000000))
mat4(2):  mat4x4((2.000000, 0.000000, 0.000000, 0.000000), (0.000000, 2.000000, 0.000000, 0.000000), (0.000000, 0.000000, 2.000000, 0.000000), (0.000000, 0.000000, 0.000000, 2.000000))
vec2(200,300) fvec2(200.000000, 300.000000)
vec3(200,300,400) fvec3(200.000000, 300.000000, 400.000000)
vec3(vec4(5)) fvec3(5.000000, 5.000000, 5.000000)
translate(1,2,3) mat4x4((1.000000, 0.000000, 0.000000, 0.000000), (0.000000, 1.000000, 0.000000, 0.000000), (0.000000, 0.000000, 1.000000, 0.000000), (1.000000, 2.000000, 3.000000, 1.000000))
q length float(1.135782)
q normalized fvec3(0.555977, 0.348071, 0.861276)
q * v3:  fvec3(5.372093, 9.395349, 8.767442)
